# JRE version: OpenJDK Runtime Environment (17.0.2+8) (build 17.0.2+8-86)
# Java VM: OpenJDK 64-Bit Server VM (17.0.2+8-86, mixed mode, sharing, tiered, compressed oops, compressed class ptrs, g1 gc, bsd-amd64)
GC Precious Log:
 CPUs: 16 total, 16 available
 Memory: 128G
 Large Page Support: Disabled
 NUMA Support: Disabled
 Compressed Oops: Enabled (Non-zero disjoint base)
 Heap Region Size: 16M
 Heap Min Capacity: 16M
 Heap Initial Capacity: 2G
 Heap Max Capacity: 30688M
 Pre-touch: Disabled
 Parallel Workers: 13
 Concurrent Workers: 3
 Concurrent Refinement Workers: 13
 Periodic GC: Disabled
Heap:
 garbage-first heap   total 491520K, used 122648K [0x0000001001000000, 0x000000177f000000)
  region size 16384K, 3 young (49152K), 1 survivors (16384K)
 Metaspace       used 36649K, committed 37056K, reserved 1089536K
  class space    used 4009K, committed 4224K, reserved 1048576K
GC Heap History (16 events):
Event: 0.795 GC heap before
{Heap before GC invocations=0 (full 0):
 garbage-first heap   total 2129920K, used 114644K [0x0000001001000000, 0x000000177f000000)
  region size 16384K, 6 young (98304K), 0 survivors (0K)
 Metaspace       used 12070K, committed 12224K, reserved 1064960K
  class space    used 1426K, committed 1536K, reserved 1048576K
}
Event: 0.799 GC heap after
{Heap after GC invocations=1 (full 0):
 garbage-first heap   total 2129920K, used 29841K [0x0000001001000000, 0x000000177f000000)
  region size 16384K, 1 young (16384K), 1 survivors (16384K)
 Metaspace       used 12070K, committed 12224K, reserved 1064960K
  class space    used 1426K, committed 1536K, reserved 1048576K
}
Event: 0.989 GC heap before
{Heap before GC invocations=1 (full 0):
 garbage-first heap   total 2129920K, used 111761K [0x0000001001000000, 0x000000177f000000)
  region size 16384K, 6 young (98304K), 1 survivors (16384K)
 Metaspace       used 12584K, committed 12800K, reserved 1064960K
  class space    used 1429K, committed 1536K, reserved 1048576K
}
Event: 1.000 GC heap after
{Heap after GC invocations=2 (full 0):
 garbage-first heap   total 2129920K, used 48802K [0x0000001001000000, 0x000000177f000000)
  region size 16384K, 1 young (16384K), 1 survivors (16384K)
 Metaspace       used 12584K, committed 12800K, reserved 1064960K
  class space    used 1429K, committed 1536K, reserved 1048576K
}
Event: 1.141 GC heap before
{Heap before GC invocations=2 (full 0):
 garbage-first heap   total 2129920K, used 130722K [0x0000001001000000, 0x000000177f000000)
  region size 16384K, 6 young (98304K), 1 survivors (16384K)
 Metaspace       used 12726K, committed 12928K, reserved 1064960K
  class space    used 1429K, committed 1536K, reserved 1048576K
}
Event: 1.149 GC heap after
{Heap after GC invocations=3 (full 0):
 garbage-first heap   total 2129920K, used 68791K [0x0000001001000000, 0x000000177f000000)
  region size 16384K, 1 young (16384K), 1 survivors (16384K)
 Metaspace       used 12726K, committed 12928K, reserved 1064960K
  class space    used 1429K, committed 1536K, reserved 1048576K
}
Event: 1.403 GC heap before
{Heap before GC invocations=3 (full 0):
 garbage-first heap   total 2129920K, used 150711K [0x0000001001000000, 0x000000177f000000)
  region size 16384K, 6 young (98304K), 1 survivors (16384K)
 Metaspace       used 13850K, committed 14016K, reserved 1064960K
  class space    used 1524K, committed 1600K, reserved 1048576K
}
Event: 1.410 GC heap after
{Heap after GC invocations=4 (full 0):
 garbage-first heap   total 2129920K, used 79706K [0x0000001001000000, 0x000000177f000000)
  region size 16384K, 1 young (16384K), 1 survivors (16384K)
 Metaspace       used 13850K, committed 14016K, reserved 1064960K
  class space    used 1524K, committed 1600K, reserved 1048576K
}
Event: 1.944 GC heap before
{Heap before GC invocations=4 (full 0):
 garbage-first heap   total 2129920K, used 210778K [0x0000001001000000, 0x000000177f000000)
  region size 16384K, 9 young (147456K), 1 survivors (16384K)
 Metaspace       used 18235K, committed 18432K, reserved 1073152K
  class space    used 1935K, committed 2048K, reserved 1048576K
}
Event: 1.951 GC heap after
{Heap after GC invocations=5 (full 0):
 garbage-first heap   total 2129920K, used 89352K [0x0000001001000000, 0x000000177f000000)
  region size 16384K, 2 young (32768K), 2 survivors (32768K)
 Metaspace       used 18235K, committed 18432K, reserved 1073152K
  class space    used 1935K, committed 2048K, reserved 1048576K
}
Event: 2.245 GC heap before
{Heap before GC invocations=5 (full 0):
 garbage-first heap   total 2129920K, used 122120K [0x0000001001000000, 0x000000177f000000)
  region size 16384K, 5 young (81920K), 2 survivors (32768K)
 Metaspace       used 21233K, committed 21504K, reserved 1073152K
  class space    used 2271K, committed 2432K, reserved 1048576K
}
Event: 2.250 GC heap after
{Heap after GC invocations=6 (full 0):
 garbage-first heap   total 2850816K, used 92242K [0x0000001001000000, 0x000000177f000000)
  region size 16384K, 2 young (32768K), 2 survivors (32768K)
 Metaspace       used 21233K, committed 21504K, reserved 1073152K
  class space    used 2271K, committed 2432K, reserved 1048576K
}
Event: 3.700 GC heap before
{Heap before GC invocations=7 (full 0):
 garbage-first heap   total 491520K, used 354386K [0x0000001001000000, 0x000000177f000000)
  region size 16384K, 18 young (294912K), 2 survivors (32768K)
 Metaspace       used 36248K, committed 36672K, reserved 1089536K
  class space    used 4002K, committed 4224K, reserved 1048576K
}
Event: 3.709 GC heap after
{Heap after GC invocations=8 (full 0):
 garbage-first heap   total 491520K, used 112907K [0x0000001001000000, 0x000000177f000000)
  region size 16384K, 3 young (49152K), 3 survivors (49152K)
 Metaspace       used 36248K, committed 36672K, reserved 1089536K
  class space    used 4002K, committed 4224K, reserved 1048576K
}
Event: 3.768 GC heap before
{Heap before GC invocations=8 (full 0):
 garbage-first heap   total 491520K, used 129291K [0x0000001001000000, 0x000000177f000000)
  region size 16384K, 4 young (65536K), 3 survivors (49152K)
 Metaspace       used 36342K, committed 36800K, reserved 1089536K
  class space    used 4005K, committed 4224K, reserved 1048576K
}
Event: 3.779 GC heap after
{Heap after GC invocations=9 (full 0):
 garbage-first heap   total 491520K, used 106264K [0x0000001001000000, 0x000000177f000000)
  region size 16384K, 1 young (16384K), 1 survivors (16384K)
 Metaspace       used 36342K, committed 36800K, reserved 1089536K
  class space    used 4005K, committed 4224K, reserved 1048576K
}

