# JRE version: OpenJDK Runtime Environment Corretto-17.0.4.9.1 (17.0.4.1+9) (build 17.0.4.1+9-LTS)
# Java VM: OpenJDK 64-Bit Server VM Corretto-17.0.4.9.1 (17.0.4.1+9-LTS, mixed mode, sharing, tiered, compressed oops, compressed class ptrs, g1 gc, bsd-amd64)
GC Precious Log:
 CPUs: 16 total, 16 available
 Memory: 128G
 Large Page Support: Disabled
 NUMA Support: Disabled
 Compressed Oops: Enabled (Non-zero disjoint base)
 Heap Region Size: 16M
 Heap Min Capacity: 16M
 Heap Initial Capacity: 2G
 Heap Max Capacity: 30688M
 Pre-touch: Disabled
 Parallel Workers: 13
 Concurrent Workers: 3
 Concurrent Refinement Workers: 13
 Periodic GC: Disabled
Heap:
 garbage-first heap   total 2916352K, used 982923K [0x0000001001000000, 0x000000177f000000)
  region size 16384K, 49 young (802816K), 4 survivors (65536K)
 Metaspace       used 80485K, committed 81408K, reserved 1122304K
  class space    used 8837K, committed 9280K, reserved 1048576K
GC Heap History (20 events):
Event: 27.325 GC heap before
{Heap before GC invocations=40 (full 0):
 garbage-first heap   total 983040K, used 629814K [0x0000001001000000, 0x000000177f000000)
  region size 16384K, 25 young (409600K), 3 survivors (49152K)
 Metaspace       used 67339K, committed 68096K, reserved 1114112K
  class space    used 7359K, committed 7744K, reserved 1048576K
}
Event: 27.331 GC heap after
{Heap after GC invocations=41 (full 0):
 garbage-first heap   total 1392640K, used 298367K [0x0000001001000000, 0x000000177f000000)
  region size 16384K, 2 young (32768K), 2 survivors (32768K)
 Metaspace       used 67339K, committed 68096K, reserved 1114112K
  class space    used 7359K, committed 7744K, reserved 1048576K
}
Event: 30.458 GC heap before
{Heap before GC invocations=42 (full 0):
 garbage-first heap   total 1310720K, used 1035647K [0x0000001001000000, 0x000000177f000000)
  region size 16384K, 48 young (786432K), 2 survivors (32768K)
 Metaspace       used 69200K, committed 69952K, reserved 1114112K
  class space    used 7633K, committed 8000K, reserved 1048576K
}
Event: 30.469 GC heap after
{Heap after GC invocations=43 (full 0):
 garbage-first heap   total 1310720K, used 298258K [0x0000001001000000, 0x000000177f000000)
  region size 16384K, 2 young (32768K), 2 survivors (32768K)
 Metaspace       used 69200K, committed 69952K, reserved 1114112K
  class space    used 7633K, committed 8000K, reserved 1048576K
}
Event: 30.533 GC heap before
{Heap before GC invocations=43 (full 0):
 garbage-first heap   total 1310720K, used 314642K [0x0000001001000000, 0x000000177f000000)
  region size 16384K, 4 young (65536K), 2 survivors (32768K)
 Metaspace       used 69211K, committed 69952K, reserved 1114112K
  class space    used 7634K, committed 8000K, reserved 1048576K
}
Event: 30.546 GC heap after
{Heap after GC invocations=44 (full 0):
 garbage-first heap   total 1310720K, used 201328K [0x0000001001000000, 0x000000177f000000)
  region size 16384K, 1 young (16384K), 1 survivors (16384K)
 Metaspace       used 69211K, committed 69952K, reserved 1114112K
  class space    used 7634K, committed 8000K, reserved 1048576K
}
Event: 32.321 GC heap before
{Heap before GC invocations=44 (full 0):
 garbage-first heap   total 1310720K, used 954992K [0x0000001001000000, 0x000000177f000000)
  region size 16384K, 48 young (786432K), 1 survivors (16384K)
 Metaspace       used 73797K, committed 74624K, reserved 1122304K
  class space    used 8088K, committed 8512K, reserved 1048576K
}
Event: 32.333 GC heap after
{Heap after GC invocations=45 (full 0):
 garbage-first heap   total 1310720K, used 248182K [0x0000001001000000, 0x000000177f000000)
  region size 16384K, 4 young (65536K), 4 survivors (65536K)
 Metaspace       used 73797K, committed 74624K, reserved 1122304K
  class space    used 8088K, committed 8512K, reserved 1048576K
}
Event: 33.864 GC heap before
{Heap before GC invocations=46 (full 0):
 garbage-first heap   total 1097728K, used 936310K [0x0000001001000000, 0x000000177f000000)
  region size 16384K, 48 young (786432K), 4 survivors (65536K)
 Metaspace       used 77573K, committed 78464K, reserved 1122304K
  class space    used 8573K, committed 9024K, reserved 1048576K
}
Event: 33.875 GC heap after
{Heap after GC invocations=47 (full 0):
 garbage-first heap   total 1097728K, used 261962K [0x0000001001000000, 0x000000177f000000)
  region size 16384K, 4 young (65536K), 4 survivors (65536K)
 Metaspace       used 77573K, committed 78464K, reserved 1122304K
  class space    used 8573K, committed 9024K, reserved 1048576K
}
Event: 33.882 GC heap before
{Heap before GC invocations=47 (full 0):
 garbage-first heap   total 1097728K, used 278346K [0x0000001001000000, 0x000000177f000000)
  region size 16384K, 5 young (81920K), 4 survivors (65536K)
 Metaspace       used 77573K, committed 78464K, reserved 1122304K
  class space    used 8573K, committed 9024K, reserved 1048576K
}
Event: 33.897 GC heap after
{Heap after GC invocations=48 (full 0):
 garbage-first heap   total 1097728K, used 208865K [0x0000001001000000, 0x000000177f000000)
  region size 16384K, 1 young (16384K), 1 survivors (16384K)
 Metaspace       used 77573K, committed 78464K, reserved 1122304K
  class space    used 8573K, committed 9024K, reserved 1048576K
}
Event: 34.563 GC heap before
{Heap before GC invocations=48 (full 0):
 garbage-first heap   total 1097728K, used 798689K [0x0000001001000000, 0x000000177f000000)
  region size 16384K, 38 young (622592K), 1 survivors (16384K)
 Metaspace       used 77653K, committed 78528K, reserved 1122304K
  class space    used 8573K, committed 9024K, reserved 1048576K
}
Event: 34.571 GC heap after
{Heap after GC invocations=49 (full 0):
 garbage-first heap   total 1097728K, used 241056K [0x0000001001000000, 0x000000177f000000)
  region size 16384K, 3 young (49152K), 3 survivors (49152K)
 Metaspace       used 77653K, committed 78528K, reserved 1122304K
  class space    used 8573K, committed 9024K, reserved 1048576K
}
Event: 34.948 GC heap before
{Heap before GC invocations=49 (full 0):
 garbage-first heap   total 1097728K, used 798112K [0x0000001001000000, 0x000000177f000000)
  region size 16384K, 39 young (638976K), 3 survivors (49152K)
 Metaspace       used 77755K, committed 78656K, reserved 1122304K
  class space    used 8574K, committed 9024K, reserved 1048576K
}
Event: 34.959 GC heap after
{Heap after GC invocations=50 (full 0):
 garbage-first heap   total 1097728K, used 258775K [0x0000001001000000, 0x000000177f000000)
  region size 16384K, 4 young (65536K), 4 survivors (65536K)
 Metaspace       used 77755K, committed 78656K, reserved 1122304K
  class space    used 8574K, committed 9024K, reserved 1048576K
}
Event: 36.161 GC heap before
{Heap before GC invocations=50 (full 0):
 garbage-first heap   total 1097728K, used 799447K [0x0000001001000000, 0x000000177f000000)
  region size 16384K, 38 young (622592K), 4 survivors (65536K)
 Metaspace       used 77764K, committed 78656K, reserved 1122304K
  class space    used 8575K, committed 9024K, reserved 1048576K
}
Event: 36.169 GC heap after
{Heap after GC invocations=51 (full 0):
 garbage-first heap   total 2916352K, used 237235K [0x0000001001000000, 0x000000177f000000)
  region size 16384K, 2 young (32768K), 2 survivors (32768K)
 Metaspace       used 77764K, committed 78656K, reserved 1122304K
  class space    used 8575K, committed 9024K, reserved 1048576K
}
Event: 38.627 GC heap before
{Heap before GC invocations=51 (full 0):
 garbage-first heap   total 2916352K, used 1924787K [0x0000001001000000, 0x000000177f000000)
  region size 16384K, 107 young (1753088K), 2 survivors (32768K)
 Metaspace       used 77870K, committed 78784K, reserved 1122304K
  class space    used 8575K, committed 9024K, reserved 1048576K
}
Event: 38.648 GC heap after
{Heap after GC invocations=52 (full 0):
 garbage-first heap   total 2916352K, used 278411K [0x0000001001000000, 0x000000177f000000)
  region size 16384K, 4 young (65536K), 4 survivors (65536K)
 Metaspace       used 77870K, committed 78784K, reserved 1122304K
  class space    used 8575K, committed 9024K, reserved 1048576K
}

